00:00:00.314162 VirtualBox GUI VM Selector Window 7.1.6 r167084 linux.amd64 (Jan 27 2025 07:52:25) release log
00:00:00.314164 Log opened 2025-03-13T05:42:12.284189000Z
00:00:00.314164 Build Type: release
00:00:00.314166 OS Product: Linux
00:00:00.314166 OS Release: 6.13.6-zen1-1-zen
00:00:00.314167 OS Version: #1 ZEN SMP PREEMPT_DYNAMIC Fri, 07 Mar 2025 20:18:44 +0000
00:00:00.314187 DMI Product Name: Inspiron 14 5410 2-in-1
00:00:00.314193 DMI Product Version: 
00:00:00.314197 Firmware type: UEFI
00:00:00.314626 Secure Boot: Disabled
00:00:00.314663 Host RAM: 7679MB (7.4GB) total, 6277MB (6.1GB) available
00:00:00.314666 Executable: /usr/lib/virtualbox/VirtualBox
00:00:00.314667 Process ID: 5752
00:00:00.314667 Package type: LINUX_64BITS_GENERIC (OSE)
00:00:00.314690 Qt version: 6.8.2
00:00:00.315886 GUI: UIMediumEnumerator: Initial medium-enumeration finished!
00:00:00.319941 GUI: UIMediumEnumerator: Medium-enumeration started...
00:00:00.319954 GUI: UIMediumEnumerator: Medium-enumeration finished!
00:00:00.950981 GUI: UIDesktopWidgetWatchdog::sltHandleHostScreenAvailableGeometryCalculated: Screen 0 work area is actually resized to: 8x32 x 946x1036
00:01:10.199091 GUI: UIMediumEnumerator: Medium-enumeration finished!
00:01:14.605715 GUI: UIMediumEnumerator: Medium-enumeration finished!
00:02:44.798845 GUI: UICommon: Handling aboutToQuit request..
00:02:45.712241 GUI: UICommon: aboutToQuit request handled!
